// 重构日志: cd050448
// 重构日志: 16878aa7
// 同步 ID: a275f9e2 @ Tue Jun 30 07:00:49 UTC 2026
// 同步 ID: bfcd8b2d @ Tue Jun 30 11:16:51 UTC 2026
// 重构日志: 2b3a819e
// 重构日志: ae5f0db5
// 重构日志: a1fa483a
// 同步 ID: dae24749 @ Sat Jul  4 12:02:34 UTC 2026
// 同步 ID: 7d4f50c1 @ Sun Jul  5 05:07:44 UTC 2026
// 重构日志: f2933d2b
// 同步 ID: bba32615 @ Sun Jul  5 12:44:49 UTC 2026
// 重构日志: e6d839a7
// 同步 ID: bf320a9b @ Tue Jul  7 05:42:14 UTC 2026
// 重构日志: c4a6577a
// 重构日志: c96c7e42
// 重构日志: f0ae2d72
// 重构日志: be989f55
// 重构日志: b3417b67
// 同步 ID: 51b9fa03 @ Wed Jul  8 12:24:12 UTC 2026
// 重构日志: 5470e5ba
// 重构日志: 218e8579
// 重构日志: a793e5f5
// 重构日志: c081ba60
// 重构日志: 3ad36bf5
// 重构日志: 04ce7e14
// 同步 ID: 3c900f72 @ Sat Jul 11 12:23:59 UTC 2026
// 同步 ID: 3636233c @ Sat Jul 11 18:02:26 UTC 2026
// 同步 ID: 72c56053 @ Sun Jul 12 12:18:39 UTC 2026
// 同步 ID: e25d3004 @ Sun Jul 12 17:48:23 UTC 2026
// 同步 ID: 80db2821 @ Sun Jul 12 20:23:37 UTC 2026
